{"logTime": "1005/092521", "correlationVector":"OxSLf7/TWw3DTSZbv2lXs1.1","action":"SyncServerConnectionManagerRequest", "result":"SYNC_SERVER_OK", "context":{"environment":"Prod_southeastasia_prod-s01-064-apac-southeastasia", "migrationStage":"NotStarted", "server":"akswtt10300000g"}}
{"logTime": "1005/092521", "correlationVector":"OxSLf7/TWw3DTSZbv2lXs1.2","action":"ProcessGetUpdates", "result":"Done", "context":{"dataType":"Encryption Keys", "deleted":"0", "process_failed_to_decrypt":"0", "process_pending_decryption":"0", "process_success":"1", "total":"1"}}
{"logTime": "1005/092522", "correlationVector":"zg232m/IwAgzj3ofZCsWro","action":"SyncServerConnectionManagerRequest", "result":"SYNC_SERVER_OK", "context":{"environment":"", "migrationStage":"", "server":""}}
{"logTime": "1005/092522", "correlationVector":"zg232m/IwAgzj3ofZCsWro.0","action":"EncryptionKeysFetcher.DownloadKeys:", "result":"Success", "context":Key count: 6, Last key timestamp: 2025-06-12T07:56:04Z}
{"logTime": "1005/092522", "correlationVector":"zg232m/IwAgzj3ofZCsWro.1","action":"EncryptionKeysManager::SetEncryptionKeys:", "result":"Success", "context":Key names[6]:[BBDb/VZpYqfycPQu47NHBLatjleArirVNs/6+mhiFS6WPMWkhajd9pECfuYOqbTK0n5sOQT66fmkYnuTnzndrg==][f4RczAdsC/CVIxJJ8MB8tdCB69qVJr8HrhEhwJGQCRZ2OaUshm4IDNDgBAbSFos7gKyK2aUYnjbZDPJMSZb5UQ==][bileQPFhQeS/3zaVSS9uNRjDEWKn8kvpX6+WDKov468HNfISJG77MnjismQo52FQI+w6T+AGtAQREzwcJ+DAPg==][QZfoHa6g48fDCA9/+3OSP7JrDDc+l3lBggawzp43XZ45xtfrhsAOCbDG9K0BekuiJ+s7T9QEHS5YqyKYVvya7w==][lPwvLOQTqQhvw0egLAcOyCWAUru/srLDzQLs8IksY6tyN+ayStn+RPEc8ixjqrdcL0zllHebCl6pHjpcG4YCSA==][ZIQ7c+w4H7EZVGNTP8wC0t013ssgCsaF+CFWC0hkWDKZ682aeQiDZ3Ne1Rc/r2nEMRGQNOowa64MKcUE3m9SfA==]}
{"logTime": "1005/092522", "correlationVector":"zg232m/IwAgzj3ofZCsWro.2","action":"EncryptionKeysManager::SetEncryptionKeysWithTimestamps:", "result":"Success", "context":Key timestamps[6]:[2022-08-29T06:10:27Z][2023-03-12T00:53:56Z][2023-10-11T10:56:48Z][2024-04-14T04:19:15Z][2024-12-11T05:57:07Z][2025-06-12T07:56:04Z]}
{"logTime": "1005/092522", "correlationVector":"OxSLf7/TWw3DTSZbv2lXs1","action":"Initial GetUpdates", "result":"", "context":Reason: NEW_CLIENT. cV=OxSLf7/TWw3DTSZbv2lXs1}
{"logTime": "1005/092522", "correlationVector":"OxSLf7/TWw3DTSZbv2lXs1.3","action":"GetUpdates Response", "result":"Success", "context":Received 1 update(s). cV=OxSLf7/TWw3DTSZbv2lXs1.0;server=akswtt10300000g;cloudType=Consumer;environment=Prod_southeastasia_prod-s01-064-apac-southeastasia;migrationStage=NotStarted}
{"logTime": "1005/092522", "correlationVector":"t/xZC2MthI/uWi+pV8djGq","action":"Initial GetUpdates", "result":"", "context":Reason: NEWLY_SUPPORTED_DATATYPE. cV=t/xZC2MthI/uWi+pV8djGq}
{"logTime": "1005/092522", "correlationVector":"t/xZC2MthI/uWi+pV8djGq.1","action":"SyncServerConnectionManagerRequest", "result":"SYNC_SERVER_OK", "context":{"environment":"Prod_southeastasia_prod-s01-064-apac-southeastasia", "migrationStage":"NotStarted", "server":"akswtt10300000c"}}
{"logTime": "1005/092522", "correlationVector":"t/xZC2MthI/uWi+pV8djGq.2","action":"ProcessGetUpdates", "result":"Done", "context":{"dataType":"Preferences", "deleted":"0", "process_failed_to_decrypt":"0", "process_pending_decryption":"0", "process_success":"56", "total":"56"}}
{"logTime": "1005/092522", "correlationVector":"t/xZC2MthI/uWi+pV8djGq.3","action":"ProcessGetUpdates", "result":"Done", "context":{"dataType":"Passwords", "deleted":"0", "process_failed_to_decrypt":"0", "process_pending_decryption":"0", "process_success":"8", "total":"8"}}
{"logTime": "1005/092522", "correlationVector":"t/xZC2MthI/uWi+pV8djGq.4","action":"ProcessGetUpdates", "result":"Done", "context":{"dataType":"Device Info", "deleted":"0", "process_failed_to_decrypt":"0", "process_pending_decryption":"0", "process_success":"1", "total":"1"}}
{"logTime": "1005/092522", "correlationVector":"t/xZC2MthI/uWi+pV8djGq.5","action":"GetUpdates Response", "result":"Success", "context":Received 65 update(s). cV=t/xZC2MthI/uWi+pV8djGq.0;server=akswtt10300000c;cloudType=Consumer;environment=Prod_southeastasia_prod-s01-064-apac-southeastasia;migrationStage=NotStarted}
{"logTime": "1005/092522", "correlationVector":"DIsFA/pIl6653hWXemG04o","action":"Initial GetUpdates", "result":"", "context":Reason: NEWLY_SUPPORTED_DATATYPE. cV=DIsFA/pIl6653hWXemG04o}
{"logTime": "1005/092522", "correlationVector":"DIsFA/pIl6653hWXemG04o.1","action":"SyncServerConnectionManagerRequest", "result":"SYNC_SERVER_OK", "context":{"environment":"Prod_southeastasia_prod-s01-064-apac-southeastasia", "migrationStage":"NotStarted", "server":"akswtt10300000s"}}
{"logTime": "1005/092522", "correlationVector":"DIsFA/pIl6653hWXemG04o.2","action":"ProcessGetUpdates", "result":"Done", "context":{"dataType":"Bookmarks", "deleted":"0", "process_failed_to_decrypt":"0", "process_pending_decryption":"0", "process_success":"6", "total":"6"}}
{"logTime": "1005/092522", "correlationVector":"DIsFA/pIl6653hWXemG04o.3","action":"GetUpdates Response", "result":"Success", "context":Received 6 update(s). cV=DIsFA/pIl6653hWXemG04o.0;server=akswtt10300000s;cloudType=Consumer;environment=Prod_southeastasia_prod-s01-064-apac-southeastasia;migrationStage=NotStarted}
{"logTime": "1005/092522", "correlationVector":"1LJkNKM3rvJ46Fzj89xFsk","action":"Initial GetUpdates", "result":"", "context":Reason: NEWLY_SUPPORTED_DATATYPE. cV=1LJkNKM3rvJ46Fzj89xFsk}
{"logTime": "1005/092522", "correlationVector":"1LJkNKM3rvJ46Fzj89xFsk.1","action":"SyncServerConnectionManagerRequest", "result":"SYNC_SERVER_OK", "context":{"environment":"Prod_southeastasia_prod-s01-064-apac-southeastasia", "migrationStage":"NotStarted", "server":"akswtt10300000b"}}
{"logTime": "1005/092522", "correlationVector":"1LJkNKM3rvJ46Fzj89xFsk.2","action":"ProcessGetUpdates", "result":"Done", "context":{"dataType":"Autofill Profiles", "deleted":"0", "process_failed_to_decrypt":"0", "process_pending_decryption":"0", "process_success":"2", "total":"2"}}
{"logTime": "1005/092522", "correlationVector":"1LJkNKM3rvJ46Fzj89xFsk.3","action":"ProcessGetUpdates", "result":"Done", "context":{"dataType":"Autofill", "deleted":"0", "process_failed_to_decrypt":"0", "process_pending_decryption":"0", "process_success":"5", "total":"5"}}
{"logTime": "1005/092522", "correlationVector":"1LJkNKM3rvJ46Fzj89xFsk.4","action":"ProcessGetUpdates", "result":"Done", "context":{"dataType":"Sessions", "deleted":"8", "process_failed_to_decrypt":"0", "process_pending_decryption":"0", "process_success":"8", "total":"8"}}
{"logTime": "1005/092522", "correlationVector":"1LJkNKM3rvJ46Fzj89xFsk.5","action":"ProcessGetUpdates", "result":"Done", "context":{"dataType":"Edge Hub App Usage", "deleted":"0", "process_failed_to_decrypt":"0", "process_pending_decryption":"0", "process_success":"1", "total":"1"}}
{"logTime": "1005/092522", "correlationVector":"1LJkNKM3rvJ46Fzj89xFsk.6","action":"GetUpdates Response", "result":"Success", "context":Received 16 update(s). cV=1LJkNKM3rvJ46Fzj89xFsk.0;server=akswtt10300000b;cloudType=Consumer;environment=Prod_southeastasia_prod-s01-064-apac-southeastasia;migrationStage=NotStarted}
{"logTime": "1005/092522", "correlationVector":"InOld4NLaCPFDBt/qXlozq","action":"Initial GetUpdates", "result":"", "context":Reason: NEWLY_SUPPORTED_DATATYPE. cV=InOld4NLaCPFDBt/qXlozq}
{"logTime": "1005/092523", "correlationVector":"InOld4NLaCPFDBt/qXlozq.1","action":"SyncServerConnectionManagerRequest", "result":"SYNC_SERVER_OK", "context":{"environment":"Prod_southeastasia_prod-s01-064-apac-southeastasia", "migrationStage":"NotStarted", "server":"akswtt10300000g"}}
{"logTime": "1005/092523", "correlationVector":"InOld4NLaCPFDBt/qXlozq.2","action":"GetUpdates Response", "result":"Success", "context":Received 0 update(s). cV=InOld4NLaCPFDBt/qXlozq.0;server=akswtt10300000g;cloudType=Consumer;environment=Prod_southeastasia_prod-s01-064-apac-southeastasia;migrationStage=NotStarted}
{"logTime": "1005/092523", "correlationVector":"6UyXNdO7fbzl4AE9Kw9/PO","action":"Normal GetUpdate request", "result":"", "context":cV=6UyXNdO7fbzl4AE9Kw9/PO
Nudged types: Sessions, Device Info, User Consents
Refresh requested types: Bookmarks, Preferences, Passwords, Autofill Profiles, Autofill, Extensions, Sessions, Extension settings, History Delete Directives, Device Info, User Consents, Send Tab To Self, Web Apps, History, Saved Tab Group, WebAuthn Credentials, Collection, Edge E Drop, Edge Hub App Usage, Edge Wallet, Encryption Keys}
{"logTime": "1005/092523", "correlationVector":"6UyXNdO7fbzl4AE9Kw9/PO.1","action":"SyncServerConnectionManagerRequest", "result":"SYNC_SERVER_OK", "context":{"environment":"Prod_southeastasia_prod-s01-064-apac-southeastasia", "migrationStage":"NotStarted", "server":"akswtt103000003"}}
{"logTime": "1005/092523", "correlationVector":"6UyXNdO7fbzl4AE9Kw9/PO.2","action":"GetUpdates Response", "result":"Success", "context":Received 0 update(s). cV=6UyXNdO7fbzl4AE9Kw9/PO.0;server=akswtt103000003;cloudType=Consumer;environment=Prod_southeastasia_prod-s01-064-apac-southeastasia;migrationStage=NotStarted}
{"logTime": "1005/092523", "correlationVector":"7yVan0oPVaIBB5FoHn7hFs","action":"DoCompareDataConsistency requsted types: ", "result":"Bookmarks, Preferences, Passwords, Extensions, Extension settings, History Delete Directives, Send Tab To Self, Web Apps, History, Saved Tab Group, WebAuthn Credentials, Collection, Edge E Drop, Edge Wallet, Encryption Keys"}
{"logTime": "1005/092523", "correlationVector":"7yVan0oPVaIBB5FoHn7hFs.0","action":"CompareDataConsistency result: ", "result":"Compare result: Encryption Keys is consistent. local entities count is: 1 local entities hash is: 4igHCskT1L+uYG/3FKoMPv3OR6o="}
{"logTime": "1005/092523", "correlationVector":"7yVan0oPVaIBB5FoHn7hFs.1","action":"CompareDataConsistency result: ", "result":"Compare result: Bookmarks is consistent. local entities count is: 0 local entities hash is: "}
{"logTime": "1005/092523", "correlationVector":"7yVan0oPVaIBB5FoHn7hFs.2","action":"CompareDataConsistency result: ", "result":"Compare result: Preferences is consistent. local entities count is: 56 local entities hash is: Cv/P/jT2gS7HNQvbBqT0q8VIpUI="}
{"logTime": "1005/092523", "correlationVector":"7yVan0oPVaIBB5FoHn7hFs.3","action":"CompareDataConsistency result: ", "result":"Compare result: Extensions is consistent. local entities count is: 0 local entities hash is: "}
{"logTime": "1005/092523", "correlationVector":"7yVan0oPVaIBB5FoHn7hFs.4","action":"CompareDataConsistency result: ", "result":"Compare result: Extension settings is consistent. local entities count is: 0 local entities hash is: "}
{"logTime": "1005/092523", "correlationVector":"7yVan0oPVaIBB5FoHn7hFs.5","action":"CompareDataConsistency result: ", "result":"Compare result: History Delete Directives is consistent. local entities count is: 0 local entities hash is: "}
{"logTime": "1005/092523", "correlationVector":"7yVan0oPVaIBB5FoHn7hFs.6","action":"CompareDataConsistency result: ", "result":"Server did not send this Send Tab To Self local entities count is: 0 local entities hash is: "}
{"logTime": "1005/092523", "correlationVector":"7yVan0oPVaIBB5FoHn7hFs.7","action":"CompareDataConsistency result: ", "result":"Compare result: Web Apps is consistent. local entities count is: 0 local entities hash is: "}
{"logTime": "1005/092523", "correlationVector":"7yVan0oPVaIBB5FoHn7hFs.8","action":"CompareDataConsistency result: ", "result":"Server did not send this History local entities count is: 0 local entities hash is: "}
{"logTime": "1005/092523", "correlationVector":"7yVan0oPVaIBB5FoHn7hFs.9","action":"CompareDataConsistency result: ", "result":"Compare result: Saved Tab Group is consistent. local entities count is: 0 local entities hash is: "}
{"logTime": "1005/092523", "correlationVector":"7yVan0oPVaIBB5FoHn7hFs.10","action":"CompareDataConsistency result: ", "result":"Server did not send this WebAuthn Credentials local entities count is: 0 local entities hash is: "}
{"logTime": "1005/092523", "correlationVector":"7yVan0oPVaIBB5FoHn7hFs.11","action":"CompareDataConsistency result: ", "result":"Compare result: Collection is consistent. local entities count is: 0 local entities hash is: "}
{"logTime": "1005/092523", "correlationVector":"7yVan0oPVaIBB5FoHn7hFs.12","action":"CompareDataConsistency result: ", "result":"Compare result: Edge E Drop is consistent. local entities count is: 0 local entities hash is: "}
{"logTime": "1005/092523", "correlationVector":"7yVan0oPVaIBB5FoHn7hFs.13","action":"CompareDataConsistency result: ", "result":"Compare result: Edge Wallet is consistent. local entities count is: 0 local entities hash is: "}
{"logTime": "1005/092523", "correlationVector":"7yVan0oPVaIBB5FoHn7hFs.14","action":"CompareDataConsistency result: ", "result":"Compare result: Passwords is consistent. local entities count is: 8 local entities hash is: C6w6RtED6RrxWldeKuBYLWs/+Gc="}
{"logTime": "1005/092523", "correlationVector":"Ggn06uW3G3JLP8n1S7TPe5","action":"Commit Request", "result":"", "context":Item count: 5
Contributing types: Sessions, Device Info, User Consents}
{"logTime": "1005/092523", "correlationVector":"Ggn06uW3G3JLP8n1S7TPe5.1","action":"SyncServerConnectionManagerRequest", "result":"SYNC_SERVER_OK", "context":{"environment":"Prod_southeastasia_prod-s01-064-apac-southeastasia", "migrationStage":"NotStarted", "server":"akswtt10300000e"}}
{"logTime": "1005/092523", "correlationVector":"Ggn06uW3G3JLP8n1S7TPe5.2","action":"Commit Response", "result":"Success", "context":Result: Success. cV=Ggn06uW3G3JLP8n1S7TPe5.0;server=akswtt10300000e;cloudType=Consumer;environment=Prod_southeastasia_prod-s01-064-apac-southeastasia;migrationStage=NotStarted}
{"logTime": "1005/092523", "correlationVector":"","action":"DIAGNOSTIC_REQUEST|v1/diagnosticData/Diagnostic.SendCheckResult()|SUCCESS", "result":""}
{"logTime": "1005/092545", "correlationVector":"QPOEHm6apq256upmOLW54P","action":"Commit Request", "result":"", "context":Item count: 24
Contributing types: Preferences, Sessions, History, Edge Hub App Usage}
{"logTime": "1005/092546", "correlationVector":"QPOEHm6apq256upmOLW54P.1","action":"SyncServerConnectionManagerRequest", "result":"SYNC_SERVER_OK", "context":{"environment":"Prod_southeastasia_prod-s01-064-apac-southeastasia", "migrationStage":"NotStarted", "server":"akswtt10300000q"}}
{"logTime": "1005/092546", "correlationVector":"QPOEHm6apq256upmOLW54P.2","action":"Commit Response", "result":"Success", "context":Result: Success. cV=QPOEHm6apq256upmOLW54P.0;server=akswtt10300000q;cloudType=Consumer;environment=Prod_southeastasia_prod-s01-064-apac-southeastasia;migrationStage=NotStarted}
{"logTime": "1005/094352", "correlationVector":"EbhbDtYqiNywCct+sCTJPm.1","action":"SyncServerConnectionManagerRequest", "result":"SYNC_SERVER_OK", "context":{"environment":"Prod_southeastasia_prod-s01-064-apac-southeastasia", "migrationStage":"NotStarted", "server":"akswtt10300000e"}}
{"logTime": "1005/094352", "correlationVector":"EbhbDtYqiNywCct+sCTJPm.2","action":"ProcessGetUpdates", "result":"Done", "context":{"dataType":"Encryption Keys", "deleted":"0", "process_failed_to_decrypt":"0", "process_pending_decryption":"0", "process_success":"1", "total":"1"}}
{"logTime": "1005/094352", "correlationVector":"v4h74cBoR5Mt9DHoQQw0M3","action":"SyncServerConnectionManagerRequest", "result":"SYNC_SERVER_OK", "context":{"environment":"", "migrationStage":"", "server":""}}
{"logTime": "1005/094352", "correlationVector":"v4h74cBoR5Mt9DHoQQw0M3.0","action":"EncryptionKeysFetcher.DownloadKeys:", "result":"Success", "context":Key count: 6, Last key timestamp: 2025-06-12T07:56:04Z}
{"logTime": "1005/094352", "correlationVector":"v4h74cBoR5Mt9DHoQQw0M3.1","action":"EncryptionKeysManager::SetEncryptionKeys:", "result":"Success", "context":Key names[6]:[BBDb/VZpYqfycPQu47NHBLatjleArirVNs/6+mhiFS6WPMWkhajd9pECfuYOqbTK0n5sOQT66fmkYnuTnzndrg==][f4RczAdsC/CVIxJJ8MB8tdCB69qVJr8HrhEhwJGQCRZ2OaUshm4IDNDgBAbSFos7gKyK2aUYnjbZDPJMSZb5UQ==][bileQPFhQeS/3zaVSS9uNRjDEWKn8kvpX6+WDKov468HNfISJG77MnjismQo52FQI+w6T+AGtAQREzwcJ+DAPg==][QZfoHa6g48fDCA9/+3OSP7JrDDc+l3lBggawzp43XZ45xtfrhsAOCbDG9K0BekuiJ+s7T9QEHS5YqyKYVvya7w==][lPwvLOQTqQhvw0egLAcOyCWAUru/srLDzQLs8IksY6tyN+ayStn+RPEc8ixjqrdcL0zllHebCl6pHjpcG4YCSA==][ZIQ7c+w4H7EZVGNTP8wC0t013ssgCsaF+CFWC0hkWDKZ682aeQiDZ3Ne1Rc/r2nEMRGQNOowa64MKcUE3m9SfA==]}
{"logTime": "1005/094352", "correlationVector":"v4h74cBoR5Mt9DHoQQw0M3.2","action":"EncryptionKeysManager::SetEncryptionKeysWithTimestamps:", "result":"Success", "context":Key timestamps[6]:[2022-08-29T06:10:27Z][2023-03-12T00:53:56Z][2023-10-11T10:56:48Z][2024-04-14T04:19:15Z][2024-12-11T05:57:07Z][2025-06-12T07:56:04Z]}
{"logTime": "1005/094352", "correlationVector":"EbhbDtYqiNywCct+sCTJPm","action":"Initial GetUpdates", "result":"", "context":Reason: NEW_CLIENT. cV=EbhbDtYqiNywCct+sCTJPm}
{"logTime": "1005/094352", "correlationVector":"EbhbDtYqiNywCct+sCTJPm.3","action":"GetUpdates Response", "result":"Success", "context":Received 1 update(s). cV=EbhbDtYqiNywCct+sCTJPm.0;server=akswtt10300000e;cloudType=Consumer;environment=Prod_southeastasia_prod-s01-064-apac-southeastasia;migrationStage=NotStarted}
{"logTime": "1005/094352", "correlationVector":"ZzXXnRHuSj0a5W2dw/gkNI","action":"Initial GetUpdates", "result":"", "context":Reason: NEWLY_SUPPORTED_DATATYPE. cV=ZzXXnRHuSj0a5W2dw/gkNI}
{"logTime": "1005/094353", "correlationVector":"ZzXXnRHuSj0a5W2dw/gkNI.1","action":"SyncServerConnectionManagerRequest", "result":"SYNC_SERVER_OK", "context":{"environment":"Prod_southeastasia_prod-s01-064-apac-southeastasia", "migrationStage":"NotStarted", "server":"akswtt10300000o"}}
{"logTime": "1005/094353", "correlationVector":"ZzXXnRHuSj0a5W2dw/gkNI.2","action":"ProcessGetUpdates", "result":"Done", "context":{"dataType":"Passwords", "deleted":"0", "process_failed_to_decrypt":"0", "process_pending_decryption":"0", "process_success":"8", "total":"8"}}
{"logTime": "1005/094353", "correlationVector":"ZzXXnRHuSj0a5W2dw/gkNI.3","action":"GetUpdates Response", "result":"Success", "context":Received 8 update(s). cV=ZzXXnRHuSj0a5W2dw/gkNI.0;server=akswtt10300000o;cloudType=Consumer;environment=Prod_southeastasia_prod-s01-064-apac-southeastasia;migrationStage=NotStarted}
{"logTime": "1005/094353", "correlationVector":"Wp+/y+mPPmPGQP+cBywa59","action":"Normal GetUpdate request", "result":"", "context":cV=Wp+/y+mPPmPGQP+cBywa59
Nudged types: Sessions, History
Refresh requested types: Bookmarks, Preferences, Passwords, Autofill Profiles, Autofill, Extensions, Sessions, Extension settings, History Delete Directives, Device Info, User Consents, Send Tab To Self, Web Apps, History, Saved Tab Group, WebAuthn Credentials, Collection, Edge E Drop, Edge Hub App Usage, Edge Wallet, Encryption Keys}
{"logTime": "1005/094354", "correlationVector":"Wp+/y+mPPmPGQP+cBywa59.1","action":"SyncServerConnectionManagerRequest", "result":"SYNC_SERVER_OK", "context":{"environment":"Prod_southeastasia_prod-s01-064-apac-southeastasia", "migrationStage":"NotStarted", "server":"akswtt10300000p"}}
{"logTime": "1005/094354", "correlationVector":"Wp+/y+mPPmPGQP+cBywa59.2","action":"ProcessGetUpdates", "result":"Done", "context":{"dataType":"Preferences", "deleted":"0", "process_failed_to_decrypt":"0", "process_pending_decryption":"0", "process_success":"1", "total":"1"}}
{"logTime": "1005/094354", "correlationVector":"Wp+/y+mPPmPGQP+cBywa59.3","action":"ProcessGetUpdates", "result":"Done", "context":{"dataType":"Sessions", "deleted":"0", "process_failed_to_decrypt":"0", "process_pending_decryption":"0", "process_success":"2", "total":"2"}}
{"logTime": "1005/094354", "correlationVector":"Wp+/y+mPPmPGQP+cBywa59.4","action":"ProcessGetUpdates", "result":"Done", "context":{"dataType":"Device Info", "deleted":"0", "process_failed_to_decrypt":"0", "process_pending_decryption":"0", "process_success":"1", "total":"1"}}
{"logTime": "1005/094354", "correlationVector":"Wp+/y+mPPmPGQP+cBywa59.5","action":"ProcessGetUpdates", "result":"Done", "context":{"dataType":"History", "deleted":"0", "process_failed_to_decrypt":"0", "process_pending_decryption":"0", "process_success":"21", "total":"21"}}
{"logTime": "1005/094354", "correlationVector":"Wp+/y+mPPmPGQP+cBywa59.6","action":"ProcessGetUpdates", "result":"Done", "context":{"dataType":"Edge Hub App Usage", "deleted":"0", "process_failed_to_decrypt":"0", "process_pending_decryption":"0", "process_success":"1", "total":"1"}}
{"logTime": "1005/094354", "correlationVector":"Wp+/y+mPPmPGQP+cBywa59.7","action":"GetUpdates Response", "result":"Success", "context":Received 26 update(s). cV=Wp+/y+mPPmPGQP+cBywa59.0;server=akswtt10300000p;cloudType=Consumer;environment=Prod_southeastasia_prod-s01-064-apac-southeastasia;migrationStage=NotStarted}
{"logTime": "1005/094357", "correlationVector":"uW3+6MAqY7DD8rjioWpU3y","action":"Commit Request", "result":"", "context":Item count: 4
Contributing types: Sessions, History}
{"logTime": "1005/094357", "correlationVector":"uW3+6MAqY7DD8rjioWpU3y.1","action":"SyncServerConnectionManagerRequest", "result":"SYNC_SERVER_OK", "context":{"environment":"Prod_southeastasia_prod-s01-064-apac-southeastasia", "migrationStage":"NotStarted", "server":"akswtt10300000a"}}
{"logTime": "1005/094357", "correlationVector":"uW3+6MAqY7DD8rjioWpU3y.3","action":"Commit.Sessions", "result":"Success", "context":{"id":"1bc6def3-c437-4af4-8d6e-c1498f379eba", "isDeleted":"true", "size":"0", "version":"1759656341143"}}
{"logTime": "1005/094357", "correlationVector":"uW3+6MAqY7DD8rjioWpU3y.2","action":"Commit Response", "result":"Success", "context":Result: Success. cV=uW3+6MAqY7DD8rjioWpU3y.0;server=akswtt10300000a;cloudType=Consumer;environment=Prod_southeastasia_prod-s01-064-apac-southeastasia;migrationStage=NotStarted}
{"logTime": "1005/094448", "correlationVector":"GiBXXUvB/eCs2vbbNpEymF","action":"Commit Request", "result":"", "context":Item count: 7
Contributing types: Passwords, Sessions, History}
{"logTime": "1005/094448", "correlationVector":"GiBXXUvB/eCs2vbbNpEymF.1","action":"SyncServerConnectionManagerRequest", "result":"SYNC_SERVER_OK", "context":{"environment":"Prod_southeastasia_prod-s01-064-apac-southeastasia", "migrationStage":"NotStarted", "server":"akswtt10300000s"}}
{"logTime": "1005/094448", "correlationVector":"GiBXXUvB/eCs2vbbNpEymF.2","action":"Commit Response", "result":"Success", "context":Result: Success. cV=GiBXXUvB/eCs2vbbNpEymF.0;server=akswtt10300000s;cloudType=Consumer;environment=Prod_southeastasia_prod-s01-064-apac-southeastasia;migrationStage=NotStarted}
